<?xml version="1.0" encoding="UTF-8"?>
<testsuite xmlns:xsi="http://www.w3.org/2001/XMLSchema-instance" xsi:noNamespaceSchemaLocation="https://maven.apache.org/surefire/maven-surefire-plugin/xsd/surefire-test-report.xsd" version="3.0.2" name="ch.hslu.demo.PointTest" time="0.675" tests="14" errors="0" skipped="0" failures="0">
  <properties>
[...]
</properties>
  <testcase name="testEqualsContract" classname="ch.hslu.demo.PointTest" time="0.457"/>
  <testcase name="testEqualsEqual" classname="ch.hslu.demo.PointTest" time="0.008"/>
  <testcase name="testGetX" classname="ch.hslu.demo.PointTest" time="0.001"/>
  <testcase name="testGetY" classname="ch.hslu.demo.PointTest" time="0.001"/>
  <testcase name="testToString" classname="ch.hslu.demo.PointTest" time="0.152"/>
  <testcase name="testGetQuadrant1" classname="ch.hslu.demo.PointTest" time="0.0"/>
  <testcase name="testGetQuadrant2" classname="ch.hslu.demo.PointTest" time="0.001"/>
  <testcase name="testGetQuadrant3" classname="ch.hslu.demo.PointTest" time="0.001"/>
  <testcase name="testGetQuadrant4" classname="ch.hslu.demo.PointTest" time="0.001"/>
  <testcase name="testEqualsSame" classname="ch.hslu.demo.PointTest" time="0.001"/>
  <testcase name="testEqualsNotEqual" classname="ch.hslu.demo.PointTest" time="0.002"/>
  <testcase name="testGetQuadrantXAchse" classname="ch.hslu.demo.PointTest" time="0.003"/>
  <testcase name="testGetQuadrantYAchse" classname="ch.hslu.demo.PointTest" time="0.001"/>
  <testcase name="testGetQuadrantNullpunkt" classname="ch.hslu.demo.PointTest" time="0.001"/>
</testsuite>